
ROM used:   93/8192 (1%)
            93/8192 (1%) including unused fragments

            0.1 Average locations per line
            46.5 Average locations per statement

RAM used:   12/368 (3%) at main() level
            12/368 (3%) worst case

Stack used: 1 worst case (0 in main + 1 for interrupts)
Stack size: 8

Lines Stmts  %   Files
----- ----- ---  -----
   34     2 100  4.2.c
  761     0   0  ..\..\..\..\..\..\..\Program Files (x86)\PICC\Devices\16F886.h
----- -----
  795     2 Total

Page ROM  %  RAM    Vol Diff  Functions:
---- --- --- ---    --- ----  ----------
0      4   4    0      5  1.0  rb_isr
0     42  45    0     32  1.0  MAIN
 Inline         0             @cinit1

Program metrics:
    Functions               2
    Statements              2
    Comments                136
    Volume (V)              48
    Difficulty (D)          1.6
    Effort to implement (E) 75
    Time to implement (T)   0 minutes
    Est Delivered Bugs (B)  0
    Cyclomatic Complexity   1
    Maintainability (MI)    165

 Segment     Used  Free
-----------  ----  ----
00000-00003     4  0  
00004-0002E    43  0  
0002F-007FF    46  1955  
00800-00FFF     0  2048  
01000-017FF     0  2048  
01800-01FFF     0  2048  



