
ROM used:   364/8192 (4%)
            364/8192 (4%) including unused fragments

            0.4 Average locations per line
            11.7 Average locations per statement

RAM used:   74/368 (20%) at main() level
            76/368 (21%) worst case

Stack used: 1 worst case (0 in main + 1 for interrupts)
Stack size: 8

Lines Stmts  %   Files
----- ----- ---  -----
   84    31 100  nokia ringtone.c
  761     0   0  ..\..\..\..\..\..\..\Program Files (x86)\PICC\Devices\16F886.h
----- -----
  845    31 Total

Page ROM  %  RAM    Vol Diff  Functions:
---- --- --- ---    --- ----  ----------
0     20   5    1             @delay_ms1
0     25   7    2     42  1.4  timer1_isr
0    270  74    2   1024  4.9  MAIN
 Inline         0             @cinit1

Program metrics:
    Functions               2
    Statements              31
    Comments                138
    Volume (V)              1136
    Difficulty (D)          6.5
    Effort to implement (E) 7398
    Time to implement (T)   7 minutes
    Est Delivered Bugs (B)  0
    Cyclomatic Complexity   2
    Maintainability (MI)    108

 Segment     Used  Free
-----------  ----  ----
00000-00003     4  0  
00004-00030    45  0  
00031-007FF   315  1684  
00800-00FFF     0  2048  
01000-017FF     0  2048  
01800-01FFF     0  2048  



