
ROM used:   150/8192 (2%)
            150/8192 (2%) including unused fragments

            0.2 Average locations per line
            10.0 Average locations per statement

RAM used:   15/368 (4%) at main() level
            16/368 (4%) worst case

Stack used: 1 worst case (0 in main + 1 for interrupts)
Stack size: 8

Lines Stmts  %   Files
----- ----- ---  -----
   64    15 100  T4.2.c
  761     0   0  ..\..\..\..\..\..\..\Program Files (x86)\PICC\Devices\16F886.h
----- -----
  825    15 Total

Page ROM  %  RAM    Vol Diff  Functions:
---- --- --- ---    --- ----  ----------
0     22  15    1             @delay_ms1
0     11   7    0     43  2.0  timer1_isr
0     68  45    2    257  4.1  MAIN
 Inline         0             @cinit1

Program metrics:
    Functions               2
    Statements              15
    Comments                143
    Volume (V)              350
    Difficulty (D)          6.1
    Effort to implement (E) 2132
    Time to implement (T)   2 minutes
    Est Delivered Bugs (B)  0
    Cyclomatic Complexity   1
    Maintainability (MI)    137

 Segment     Used  Free
-----------  ----  ----
00000-00003     4  0  
00004-00030    45  0  
00031-007FF   101  1898  
00800-00FFF     0  2048  
01000-017FF     0  2048  
01800-01FFF     0  2048  



