
ROM used:   119/8192 (1%)
            119/8192 (1%) including unused fragments

            0.1 Average locations per line
            9.9 Average locations per statement

RAM used:   13/368 (4%) at main() level
            13/368 (4%) worst case

Stack used: 1 worst case (0 in main + 1 for interrupts)
Stack size: 8

Lines Stmts  %   Files
----- ----- ---  -----
   51    12 100  4.1.c
  761     0   0  C:\Program Files (x86)\PICC\Devices\16F886.h
----- -----
  812    12 Total

Page ROM  %  RAM    Vol Diff  Functions:
---- --- --- ---    --- ----  ----------
0     20  17    0     96  2.9  timer1_isr
0     50  42    0     98  2.1  MAIN
 Inline         0             @cinit1

Program metrics:
    Functions               2
    Statements              12
    Comments                136
    Volume (V)              243
    Difficulty (D)          4.8
    Effort to implement (E) 1154
    Time to implement (T)   1 minutes
    Est Delivered Bugs (B)  0
    Cyclomatic Complexity   1
    Maintainability (MI)    127

 Segment     Used  Free
-----------  ----  ----
00000-00003     4  0  
00004-00030    45  0  
00031-007FF    70  1929  
00800-00FFF     0  2048  
01000-017FF     0  2048  
01800-01FFF     0  2048  



