
ROM used:   154/8192 (2%)
            154/8192 (2%) including unused fragments

            0.2 Average locations per line
            15.4 Average locations per statement

RAM used:   10/368 (3%) at main() level
            11/368 (3%) worst case

Stack used: 0 worst case (0 in main + 0 for interrupts)
Stack size: 8

Lines Stmts  %   Files
----- ----- ---  -----
   39    10 100  3.1.1.c
  761     0   0  ..\..\..\..\..\..\Program Files (x86)\PICC\Devices\16F886.h
----- -----
  800    10 Total

Page ROM  %  RAM    Vol Diff  Functions:
---- --- --- ---    --- ----  ----------
0     20  13    1             @delay_ms1
0     16  10    1             @I2C_WRITEU_1
0    114  74    4    265  4.1  main
 Inline         0             @cinit1

Program metrics:
    Functions               1
    Statements              10
    Comments                138
    Volume (V)              271
    Difficulty (D)          3.7
    Effort to implement (E) 1001
    Time to implement (T)   1 minutes
    Est Delivered Bugs (B)  0
    Cyclomatic Complexity   1
    Maintainability (MI)    74

 Segment     Used  Free
-----------  ----  ----
00000-00003     4  0  
00004-007FF   150  1894  
00800-00FFF     0  2048  
01000-017FF     0  2048  
01800-01FFF     0  2048  



