
ROM used:   141/8192 (2%)
            141/8192 (2%) including unused fragments

            0.2 Average locations per line
            10.1 Average locations per statement

RAM used:   14/368 (4%) at main() level
            14/368 (4%) worst case

Stack used: 1 worst case (0 in main + 1 for interrupts)
Stack size: 8

Lines Stmts  %   Files
----- ----- ---  -----
   55    14 100  4.1.c
  761     0   0  ..\..\..\..\..\..\Program Files (x86)\PICC\Devices\16F886.h
----- -----
  816    14 Total

Page ROM  %  RAM    Vol Diff  Functions:
---- --- --- ---    --- ----  ----------
0     42  30    0    183  3.3  timer1_isr
0     50  35    0     84  2.0  MAIN
 Inline         0             @cinit1

Program metrics:
    Functions               2
    Statements              14
    Comments                142
    Volume (V)              326
    Difficulty (D)          5.2
    Effort to implement (E) 1693
    Time to implement (T)   2 minutes
    Est Delivered Bugs (B)  0
    Cyclomatic Complexity   1
    Maintainability (MI)    136

 Segment     Used  Free
-----------  ----  ----
00000-00003     4  0  
00004-00030    45  0  
00031-007FF    92  1907  
00800-00FFF     0  2048  
01000-017FF     0  2048  
01800-01FFF     0  2048  



