
ROM used:   396/8192 (5%)
            396/8192 (5%) including unused fragments

            0.5 Average locations per line
            18.9 Average locations per statement

RAM used:   20/368 (5%) at main() level
            25/368 (7%) worst case

Stack used: 1 worst case (0 in main + 1 for interrupts)
Stack size: 8

Lines Stmts  %   Files
----- ----- ---  -----
   66    21 100  T4.1.c
  761     0   0  ..\..\..\..\..\..\Program Files (x86)\PICC\Devices\16F886.h
----- -----
  827    21 Total

Page ROM  %  RAM    Vol Diff  Functions:
---- --- --- ---    --- ----  ----------
0     22   6    1             @delay_ms1
0     28   7    0    172  4.3  timer1_isr
0     86  22    2    244  4.8  MAIN
0      9   2    0             @const607
0     91  23    5             @PSTRINGCN7_9600_62_63
0     21   5    3             @DIV88
0     58  15    2             @PRINTF_U_9600_62_63
 Inline         0             @cinit1

Program metrics:
    Functions               2
    Statements              21
    Comments                143
    Volume (V)              512
    Difficulty (D)          7.9
    Effort to implement (E) 4031
    Time to implement (T)   4 minutes
    Est Delivered Bugs (B)  0
    Cyclomatic Complexity   3
    Maintainability (MI)    129

 Segment     Used  Free
-----------  ----  ----
00000-00003     4  0  
00004-00050    77  0  
00051-007FF   315  1652  
00800-00FFF     0  2048  
01000-017FF     0  2048  
01800-01FFF     0  2048  



