
ROM used:   56/8192 (1%)
            56/8192 (1%) including unused fragments

            0.1 Average locations per line
            8.0 Average locations per statement

RAM used:   5/368 (1%) at main() level
            5/368 (1%) worst case

Stack used: 0 worst case (0 in main + 0 for interrupts)
Stack size: 8

Lines Stmts  %   Files
----- ----- ---  -----
   43     7 100  1.2.2.c
  761     0   0  C:\Program Files (x86)\PICC\Devices\16F886.h
----- -----
  804     7 Total

Page ROM  %  RAM    Vol Diff  Functions:
---- --- --- ---    --- ----  ----------
0     52  93    0     92  2.7  main
 Inline         0             @cinit1

Program metrics:
    Functions               1
    Statements              7
    Comments                137
    Volume (V)              94
    Difficulty (D)          2.5
    Effort to implement (E) 230
    Time to implement (T)   0 minutes
    Est Delivered Bugs (B)  0
    Cyclomatic Complexity   1
    Maintainability (MI)    83

 Segment     Used  Free
-----------  ----  ----
00000-00003     4  0  
00004-007FF    52  1992  
00800-00FFF     0  2048  
01000-017FF     0  2048  
01800-01FFF     0  2048  



