
ROM used:   269/8192 (3%)
            269/8192 (3%) including unused fragments

            0.3 Average locations per line
            22.4 Average locations per statement

RAM used:   8/368 (2%) at main() level
            13/368 (4%) worst case

Stack used: 0 worst case (0 in main + 0 for interrupts)
Stack size: 8

Lines Stmts  %   Files
----- ----- ---  -----
   50    12 100  1.2.3.c
  761     0   0  C:\Program Files (x86)\PICC\Devices\16F886.h
----- -----
  811    12 Total

Page ROM  %  RAM    Vol Diff  Functions:
---- --- --- ---    --- ----  ----------
0     89  33    3    302  4.9  main
0      6   2    0             @const605
0     91  34    5             @PSTRINGCN7_9600_62_63
0     21   8    3             @DIV88
0     58  22    2             @PRINTF_U_9600_62_63
 Inline         0             @cinit1

Program metrics:
    Functions               1
    Statements              12
    Comments                137
    Volume (V)              313
    Difficulty (D)          4.1
    Effort to implement (E) 1276
    Time to implement (T)   1 minutes
    Est Delivered Bugs (B)  0
    Cyclomatic Complexity   2
    Maintainability (MI)    68

 Segment     Used  Free
-----------  ----  ----
00000-00003     4  0  
00004-007FF   265  1779  
00800-00FFF     0  2048  
01000-017FF     0  2048  
01800-01FFF     0  2048  



