
ROM used:   282/8192 (3%)
            282/8192 (3%) including unused fragments

            0.4 Average locations per line
            56.4 Average locations per statement

RAM used:   7/368 (2%) at main() level
            12/368 (3%) worst case

Stack used: 0 worst case (0 in main + 0 for interrupts)
Stack size: 8

Lines Stmts  %   Files
----- ----- ---  -----
   39     5 100  hello world1.c
  761     0   0  C:\Program Files (x86)\PICC\Devices\16F886.h
----- -----
  800     5 Total

Page ROM  %  RAM    Vol Diff  Functions:
---- --- --- ---    --- ----  ----------
0     22   8    1             @delay_ms1
0     76  27    2    114  2.8  main
0     10   4    0             @const604
0     91  32    5             @PSTRINGCN7_9600_62_63
0     21   7    3             @DIV88
0     58  21    2             @PRINTF_U_9600_62_63
 Inline         0             @cinit1

Program metrics:
    Functions               1
    Statements              5
    Comments                135
    Volume (V)              124
    Difficulty (D)          1.9
    Effort to implement (E) 238
    Time to implement (T)   0 minutes
    Est Delivered Bugs (B)  0
    Cyclomatic Complexity   1
    Maintainability (MI)    82

 Segment     Used  Free
-----------  ----  ----
00000-00003     4  0  
00004-007FF   278  1766  
00800-00FFF     0  2048  
01000-017FF     0  2048  
01800-01FFF     0  2048  



