
ROM used:   172/8192 (2%)
            172/8192 (2%) including unused fragments

            0.2 Average locations per line
            6.6 Average locations per statement

RAM used:   14/368 (4%) at main() level
            15/368 (4%) worst case

Stack used: 1 worst case (0 in main + 1 for interrupts)
Stack size: 8

Lines Stmts  %   Files
----- ----- ---  -----
   61    26 100  5.1.c
  761     0   0  C:\Program Files (x86)\PICC\Devices\16F886.h
----- -----
  822    26 Total

Page ROM  %  RAM    Vol Diff  Functions:
---- --- --- ---    --- ----  ----------
0     22  13    1             @delay_ms1
0     29  17    0    188  3.6  timer1_isr
0     72  42    0    285  5.0  MAIN
 Inline         0             @cinit1

Program metrics:
    Functions               2
    Statements              26
    Comments                139
    Volume (V)              572
    Difficulty (D)          8.2
    Effort to implement (E) 4673
    Time to implement (T)   4 minutes
    Est Delivered Bugs (B)  0
    Cyclomatic Complexity   5
    Maintainability (MI)    117

 Segment     Used  Free
-----------  ----  ----
00000-00003     4  0  
00004-00030    45  0  
00031-007FF   123  1876  
00800-00FFF     0  2048  
01000-017FF     0  2048  
01800-01FFF     0  2048  



