
ROM used:   136/8192 (2%)
            136/8192 (2%) including unused fragments

            0.2 Average locations per line
            10.5 Average locations per statement

RAM used:   8/368 (2%) at main() level
            9/368 (2%) worst case

Stack used: 0 worst case (0 in main + 0 for interrupts)
Stack size: 8

Lines Stmts  %   Files
----- ----- ---  -----
   45    13 100  5.2.c
  761     0   0  C:\Program Files (x86)\PICC\Devices\16F886.h
----- -----
  806    13 Total

Page ROM  %  RAM    Vol Diff  Functions:
---- --- --- ---    --- ----  ----------
0     22  16    1             @delay_ms1
0    110  81    0    245  4.1  main
 Inline         0    285  5.0  @cinit1

Program metrics:
    Functions               2
    Statements              13
    Comments                138
    Volume (V)              638
    Difficulty (D)          8.9
    Effort to implement (E) 5674
    Time to implement (T)   5 minutes
    Est Delivered Bugs (B)  0
    Cyclomatic Complexity   4
    Maintainability (MI)    125

 Segment     Used  Free
-----------  ----  ----
00000-00003     4  0  
00004-007FF   132  1912  
00800-00FFF     0  2048  
01000-017FF     0  2048  
01800-01FFF     0  2048  



