CCS PCM C Compiler, Version 5.074, 32906               14-Feb-18 07:36

               Filename:   K:\Github\MicroEmbedLab\Lab5\5.2.lst

               ROM used:   136 words (2%)
                           Largest free fragment is 2048
               RAM used:   8 (2%) at main() level
                           9 (2%) worst case
               Stack used: 0 locations
               Stack size: 8

*
0000:  MOVLW  00
0001:  MOVWF  0A
0002:  GOTO   01A
0003:  NOP
.................... #include <16F886.h> 
.................... //////////// Standard Header file for the PIC16F886 device //////////////// 
.................... /////////////////////////////////////////////////////////////////////////// 
.................... ////        (C) Copyright 1996, 2014 Custom Computer Services          //// 
.................... //// This source code may only be used by licensed users of the CCS C  //// 
.................... //// compiler.  This source code may only be distributed to other      //// 
.................... //// licensed users of the CCS C compiler.  No other use, reproduction //// 
.................... //// or distribution is permitted without written permission.          //// 
.................... //// Derivative programs created using this software in object code    //// 
.................... //// form are not restricted in any way.                               //// 
.................... /////////////////////////////////////////////////////////////////////////// 
.................... #device PIC16F886 
....................  
.................... #list 
....................  
.................... #device ADC=10 *=16 
....................  
.................... #FUSES NOWDT                    //No Watch Dog Timer 
.................... #FUSES PUT                      //Power Up Timer 
.................... #FUSES NOMCLR                   //Master Clear pin not enabled 
.................... #FUSES NOPROTECT                //Code not protected from reading 
.................... #FUSES NOCPD                    //No EE protection 
.................... #FUSES BROWNOUT                 //Brownout reset 
.................... #FUSES IESO                     //Internal External Switch Over mode enabled 
.................... #FUSES FCMEN                    //Fail-safe clock monitor enabled 
.................... #FUSES NOLVP                    //No low voltage prgming, B3(PIC16) or B5(PIC18) used for I/O 
.................... #FUSES NODEBUG                  //No Debug mode for ICD 
.................... #FUSES NOWRT                    //Program memory not write protected 
.................... #FUSES BORV40                   //Brownout reset at 4.0V 
.................... #FUSES RESERVED                 //Used to set the reserved FUSE bits 
.................... #FUSES INTRC_IO  
....................  
.................... #use delay(clock=8M) 
0004:  MOVLW  23
0005:  MOVWF  04
0006:  BCF    03.7
0007:  MOVF   00,W
0008:  BTFSC  03.2
0009:  GOTO   017
000A:  MOVLW  02
000B:  MOVWF  78
000C:  CLRF   77
000D:  DECFSZ 77,F
000E:  GOTO   00D
000F:  DECFSZ 78,F
0010:  GOTO   00C
0011:  MOVLW  97
0012:  MOVWF  77
0013:  DECFSZ 77,F
0014:  GOTO   013
0015:  DECFSZ 00,F
0016:  GOTO   00A
0017:  BCF    0A.3
0018:  BCF    0A.4
0019:  GOTO   084 (RETURN)
....................  
.................... #use rs232(baud=9600,parity=N,xmit=PIN_C6,rcv=PIN_C7,bits=8) 
....................  
.................... //#define RUN_BUTTON   PIN_B7 
.................... int16 duty = 0; 
....................  
.................... void main () { 
001A:  MOVF   03,W
001B:  ANDLW  1F
001C:  MOVWF  03
001D:  MOVLW  71
001E:  BSF    03.5
001F:  MOVWF  0F
0020:  CLRF   10
0021:  MOVF   0F,W
0022:  BSF    03.6
0023:  BCF    07.3
0024:  MOVLW  0C
0025:  BCF    03.6
0026:  MOVWF  19
0027:  MOVLW  A2
0028:  MOVWF  18
0029:  MOVLW  90
002A:  BCF    03.5
002B:  MOVWF  18
002C:  CLRF   21
002D:  CLRF   20
002E:  MOVLW  FF
002F:  MOVWF  22
0030:  BSF    03.5
0031:  BSF    03.6
0032:  MOVF   09,W
0033:  ANDLW  C0
0034:  MOVWF  09
0035:  BCF    03.6
0036:  BCF    1F.4
0037:  BCF    1F.5
0038:  MOVLW  00
0039:  BSF    03.6
003A:  MOVWF  08
003B:  BCF    03.5
003C:  CLRF   07
003D:  CLRF   08
003E:  CLRF   09
003F:  BCF    03.7
....................    setup_ccp1(ccp_pwm); 
0040:  BCF    03.6
0041:  BCF    22.2
0042:  MOVF   22,W
0043:  BSF    03.5
0044:  MOVWF  07
0045:  BCF    03.5
0046:  BCF    07.2
0047:  MOVLW  0C
0048:  MOVWF  17
0049:  BSF    03.5
004A:  CLRF   1B
004B:  CLRF   1C
004C:  MOVLW  01
004D:  MOVWF  1D
....................    setup_timer_2(t2_div_by_16,0xff,8); 
004E:  MOVLW  38
004F:  MOVWF  78
0050:  IORLW  06
0051:  BCF    03.5
0052:  MOVWF  12
0053:  MOVLW  FF
0054:  BSF    03.5
0055:  MOVWF  12
....................     
....................    while (1) 
....................    { 
....................       if(!input(PIN_B7)){  
0056:  BSF    06.7
0057:  BCF    03.5
0058:  BTFSC  06.7
0059:  GOTO   085
....................          duty += 128;  
005A:  MOVLW  80
005B:  ADDWF  20,F
005C:  BTFSC  03.0
005D:  INCF   21,F
....................          if(duty>=1023){ 
005E:  MOVF   21,W
005F:  SUBLW  02
0060:  BTFSC  03.0
0061:  GOTO   069
0062:  XORLW  FF
0063:  BTFSS  03.2
0064:  GOTO   069
0065:  MOVF   20,W
0066:  SUBLW  FE
0067:  BTFSC  03.0
0068:  GOTO   069
....................             //duty=1023; 
....................          } 
....................          set_pwm1_duty(duty); //0-1023 
0069:  MOVF   21,W
006A:  MOVWF  79
006B:  MOVF   20,W
006C:  MOVWF  78
006D:  RRF    79,F
006E:  RRF    78,F
006F:  RRF    79,F
0070:  RRF    78,F
0071:  RRF    79,F
0072:  MOVF   78,W
0073:  MOVWF  15
0074:  RRF    79,F
0075:  RRF    79,W
0076:  ANDLW  30
0077:  MOVWF  77
0078:  MOVF   17,W
0079:  ANDLW  CF
007A:  IORWF  77,W
007B:  MOVWF  17
....................          while(!input(PIN_B7)){ 
007C:  BSF    03.5
007D:  BSF    06.7
007E:  BCF    03.5
007F:  BTFSC  06.7
0080:  GOTO   085
....................             delay_ms(1); 
0081:  MOVLW  01
0082:  MOVWF  23
0083:  GOTO   004
0084:  GOTO   07C
....................          } 
....................       }  
0085:  BSF    03.5
0086:  GOTO   056
....................    } 
.................... } 
....................  
0087:  SLEEP

Configuration Fuses:
   Word  1: 2FC4   INTRC_IO NOWDT PUT NOMCLR NOPROTECT NOCPD BROWNOUT IESO FCMEN NOLVP NODEBUG
   Word  2: 3FFF   BORV40 NOWRT
