
ROM used:   209/8192 (3%)
            209/8192 (3%) including unused fragments

            0.2 Average locations per line
            6.7 Average locations per statement

RAM used:   18/368 (5%) at main() level
            19/368 (5%) worst case

Stack used: 1 worst case (0 in main + 1 for interrupts)
Stack size: 8

Lines Stmts  %   Files
----- ----- ---  -----
   77    31 100  5.3.c
  761     0   0  C:\Program Files (x86)\PICC\Devices\16F886.h
----- -----
  838    31 Total

Page ROM  %  RAM    Vol Diff  Functions:
---- --- --- ---    --- ----  ----------
0     20  10    1             @delay_ms1
0     29  14    0    179  3.1  timer1_isr
0    111  53    1    423  5.2  MAIN
 Inline         0             @cinit1

Program metrics:
    Functions               2
    Statements              31
    Comments                140
    Volume (V)              713
    Difficulty (D)          8.0
    Effort to implement (E) 5694
    Time to implement (T)   5 minutes
    Est Delivered Bugs (B)  0
    Cyclomatic Complexity   5
    Maintainability (MI)    115

 Segment     Used  Free
-----------  ----  ----
00000-00003     4  0  
00004-00030    45  0  
00031-007FF   160  1839  
00800-00FFF     0  2048  
01000-017FF     0  2048  
01800-01FFF     0  2048  



