
ROM used:   525/8192 (6%)
            525/8192 (6%) including unused fragments

            0.6 Average locations per line
            29.2 Average locations per statement

RAM used:   13/368 (4%) at main() level
            22/368 (6%) worst case

Stack used: 1 worst case (1 in main + 0 for interrupts)
Stack size: 8

Lines Stmts  %   Files
----- ----- ---  -----
   56    18 100  2.1.c
  761     0   0  ..\..\..\..\..\..\Program Files (x86)\PICC\Devices\16F886.h
----- -----
  817    18 Total

Page ROM  %  RAM    Vol Diff  Functions:
---- --- --- ---    --- ----  ----------
0     20   4    1             @delay_ms1
0    214  41    6    464  4.2  main
0      6   1    0             @const603
0     90  17    4             @PSTRINGC7_9600_62_63
0     11   2    0             @const610
0     91  17    5             @PSTRINGCN7_9600_62_63
0     89  17    9             @PRINTF_LU_9600_62_63
 Inline         0             @cinit1

Program metrics:
    Functions               1
    Statements              18
    Comments                148
    Volume (V)              480
    Difficulty (D)          3.5
    Effort to implement (E) 1690
    Time to implement (T)   2 minutes
    Est Delivered Bugs (B)  0
    Cyclomatic Complexity   2
    Maintainability (MI)    91

 Segment     Used  Free
-----------  ----  ----
00000-00003     4  0  
00004-007FF   521  1523  
00800-00FFF     0  2048  
01000-017FF     0  2048  
01800-01FFF     0  2048  



